  main.cpp
C:\Users\student-2\source\repos\pong\r_pong\pong\main.cpp(21,23): warning C4305: '*=': truncation from 'double' to 'float'
C:\Users\student-2\source\repos\pong\r_pong\pong\main.cpp(23,25): warning C4244: '=': conversion from 'double' to 'LONG', possible loss of data
C:\Users\student-2\source\repos\pong\r_pong\pong\main.cpp(23,52): warning C4244: '=': conversion from 'double' to 'LONG', possible loss of data
C:\Users\student-2\source\repos\pong\r_pong\pong\main.cpp(24,24): warning C4244: '=': conversion from 'float' to 'LONG', possible loss of data
C:\Users\student-2\source\repos\pong\r_pong\pong\main.cpp(24,50): warning C4244: '=': conversion from 'double' to 'LONG', possible loss of data
C:\Users\student-2\source\repos\pong\r_pong\pong\main.cpp(25,24): warning C4244: '=': conversion from 'float' to 'LONG', possible loss of data
C:\Users\student-2\source\repos\pong\r_pong\pong\main.cpp(25,49): warning C4244: '=': conversion from 'double' to 'LONG', possible loss of data
C:\Users\student-2\source\repos\pong\r_pong\pong\main.cpp(29,18): warning C4244: 'initializing': conversion from 'double' to 'float', possible loss of data
C:\Users\student-2\source\repos\pong\r_pong\pong\main.cpp(30,18): warning C4244: 'initializing': conversion from 'double' to 'float', possible loss of data
C:\Users\student-2\source\repos\pong\r_pong\pong\main.cpp(31,29): warning C4244: '=': conversion from 'double' to 'LONG', possible loss of data
C:\Users\student-2\source\repos\pong\r_pong\pong\main.cpp(32,29): warning C4244: '=': conversion from 'double' to 'LONG', possible loss of data
C:\Users\student-2\source\repos\pong\r_pong\pong\main.cpp(35,51): warning C4244: 'argument': conversion from 'float' to 'int', possible loss of data
C:\Users\student-2\source\repos\pong\r_pong\pong\main.cpp(35,38): warning C4244: 'argument': conversion from 'float' to 'int', possible loss of data
C:\Users\student-2\source\repos\pong\r_pong\pong\main.cpp(105,27): warning C4244: '=': conversion from 'LONG' to 'float', possible loss of data
C:\Users\student-2\source\repos\pong\r_pong\pong\main.cpp(106,28): warning C4244: '=': conversion from 'LONG' to 'float', possible loss of data
C:\Users\student-2\source\repos\pong\r_pong\pong\main.cpp(133,29): warning C4244: '=': conversion from 'LONG' to 'float', possible loss of data
C:\Users\student-2\source\repos\pong\r_pong\pong\main.cpp(134,29): warning C4244: '=': conversion from 'LONG' to 'float', possible loss of data
C:\Users\student-2\source\repos\pong\r_pong\pong\main.cpp(191,21): warning C4305: '*=': truncation from 'double' to 'float'
C:\Users\student-2\source\repos\pong\r_pong\pong\main.cpp(192,17): warning C4244: 'initializing': conversion from 'double' to 'float', possible loss of data
C:\Users\student-2\source\repos\pong\r_pong\pong\main.cpp(199,19): warning C4244: 'initializing': conversion from 'double' to 'float', possible loss of data
C:\Users\student-2\source\repos\pong\r_pong\pong\main.cpp(200,19): warning C4244: 'initializing': conversion from 'double' to 'float', possible loss of data
C:\Users\student-2\source\repos\pong\r_pong\pong\main.cpp(202,17): warning C4244: 'initializing': conversion from 'double' to 'float', possible loss of data
C:\Users\student-2\source\repos\pong\r_pong\pong\main.cpp(203,16): warning C4244: '=': conversion from 'double' to 'float', possible loss of data
C:\Users\student-2\source\repos\pong\r_pong\pong\main.cpp(212,23): warning C4305: '*=': truncation from 'double' to 'float'
C:\Users\student-2\source\repos\pong\r_pong\pong\main.cpp(250,73): warning C4244: 'argument': conversion from 'int' to 'float', possible loss of data
C:\Users\student-2\source\repos\pong\r_pong\pong\main.cpp(250,69): warning C4244: 'argument': conversion from 'int' to 'float', possible loss of data
C:\Users\student-2\source\repos\pong\r_pong\pong\main.cpp(250,58): warning C4244: 'argument': conversion from 'int' to 'float', possible loss of data
C:\Users\student-2\source\repos\pong\r_pong\pong\main.cpp(250,54): warning C4244: 'argument': conversion from 'int' to 'float', possible loss of data
C:\Users\student-2\source\repos\pong\r_pong\pong\main.cpp(250,51): warning C4244: 'argument': conversion from 'int' to 'float', possible loss of data
C:\Users\student-2\source\repos\pong\r_pong\pong\main.cpp(250,48): warning C4244: 'argument': conversion from 'int' to 'float', possible loss of data
C:\Users\student-2\source\repos\pong\r_pong\pong\main.cpp(237,13): warning C4101: 'hbm': unreferenced local variable
C:\Users\student-2\source\repos\pong\r_pong\pong\main.cpp(277,165): warning C4244: 'argument': conversion from 'float' to 'int', possible loss of data
C:\Users\student-2\source\repos\pong\r_pong\pong\main.cpp(277,128): warning C4244: 'argument': conversion from 'float' to 'int', possible loss of data
C:\Users\student-2\source\repos\pong\r_pong\pong\main.cpp(277,91): warning C4244: 'argument': conversion from 'float' to 'int', possible loss of data
C:\Users\student-2\source\repos\pong\r_pong\pong\main.cpp(277,54): warning C4244: 'argument': conversion from 'float' to 'int', possible loss of data
C:\Users\student-2\source\repos\pong\r_pong\pong\main.cpp(285,118): warning C4244: 'argument': conversion from 'float' to 'int', possible loss of data
C:\Users\student-2\source\repos\pong\r_pong\pong\main.cpp(285,95): warning C4244: 'argument': conversion from 'float' to 'int', possible loss of data
C:\Users\student-2\source\repos\pong\r_pong\pong\main.cpp(285,72): warning C4244: 'argument': conversion from 'float' to 'int', possible loss of data
C:\Users\student-2\source\repos\pong\r_pong\pong\main.cpp(285,49): warning C4244: 'argument': conversion from 'float' to 'int', possible loss of data
C:\Users\student-2\source\repos\pong\r_pong\pong\main.cpp(292,18): warning C4244: 'initializing': conversion from 'double' to 'float', possible loss of data
C:\Users\student-2\source\repos\pong\r_pong\pong\main.cpp(304,94): warning C4244: 'argument': conversion from 'float' to 'int', possible loss of data
C:\Users\student-2\source\repos\pong\r_pong\pong\main.cpp(304,83): warning C4244: 'argument': conversion from 'float' to 'int', possible loss of data
C:\Users\student-2\source\repos\pong\r_pong\pong\main.cpp(304,62): warning C4244: 'argument': conversion from 'float' to 'int', possible loss of data
C:\Users\student-2\source\repos\pong\r_pong\pong\main.cpp(304,38): warning C4244: 'argument': conversion from 'double' to 'int', possible loss of data
  pong.vcxproj -> C:\Users\student-2\source\repos\pong\r_pong\Debug\pong.exe
