  pong.cpp
C:\Users\f0x\source\repos\pong\pong\pong.cpp(37,36): warning C4244: '=': conversion from 'double' to 'float', possible loss of data
C:\Users\f0x\source\repos\pong\pong\pong.cpp(40,34): warning C4244: '=': conversion from 'double' to 'float', possible loss of data
C:\Users\f0x\source\repos\pong\pong\pong.cpp(82,110): warning C4244: 'argument': conversion from 'float' to 'int', possible loss of data
C:\Users\f0x\source\repos\pong\pong\pong.cpp(82,80): warning C4244: 'argument': conversion from 'double' to 'int', possible loss of data
C:\Users\f0x\source\repos\pong\pong\pong.cpp(82,67): warning C4244: 'argument': conversion from 'float' to 'int', possible loss of data
C:\Users\f0x\source\repos\pong\pong\pong.cpp(82,40): warning C4244: 'argument': conversion from 'double' to 'int', possible loss of data
C:\Users\f0x\source\repos\pong\pong\pong.cpp(83,93): warning C4244: 'argument': conversion from 'float' to 'int', possible loss of data
C:\Users\f0x\source\repos\pong\pong\pong.cpp(83,74): warning C4244: 'argument': conversion from 'float' to 'int', possible loss of data
C:\Users\f0x\source\repos\pong\pong\pong.cpp(83,55): warning C4244: 'argument': conversion from 'float' to 'int', possible loss of data
C:\Users\f0x\source\repos\pong\pong\pong.cpp(83,36): warning C4244: 'argument': conversion from 'float' to 'int', possible loss of data
C:\Users\f0x\source\repos\pong\pong\pong.cpp(103,16): warning C4244: '=': conversion from 'double' to 'float', possible loss of data
C:\Users\f0x\source\repos\pong\pong\pong.cpp(104,16): warning C4244: '=': conversion from 'double' to 'float', possible loss of data
C:\Users\f0x\source\repos\pong\pong\pong.cpp(132,42): warning C4244: '+=': conversion from 'double' to 'float', possible loss of data
C:\Users\f0x\source\repos\pong\pong\pong.cpp(134,46): warning C4244: '-=': conversion from 'double' to 'float', possible loss of data
C:\Users\f0x\source\repos\pong\pong\pong.cpp(149,42): warning C4244: '=': conversion from 'double' to 'float', possible loss of data
  Generating code
  4 of 19 functions (21.1%) were compiled, the rest were copied from previous compilation.
    0 functions were new in current compilation
    0 functions had inline decision re-evaluated but remain unchanged
  Finished generating code
  pong.vcxproj -> C:\Users\f0x\source\repos\pong\Release\pong.exe
